[debug] [2023-02-28T15:26:51.050Z] ----------------------------------------------------------------------
[debug] [2023-02-28T15:26:51.052Z] Command:       C:\Program Files\nodejs\node.exe C:\Users\MLAB\AppData\Roaming\npm\node_modules\firebase-tools\lib\bin\firebase.js init
[debug] [2023-02-28T15:26:51.053Z] CLI Version:   11.24.0
[debug] [2023-02-28T15:26:51.053Z] Platform:      win32
[debug] [2023-02-28T15:26:51.053Z] Node Version:  v18.14.2
[debug] [2023-02-28T15:26:51.054Z] Time:          Tue Feb 28 2023 17:26:51 GMT+0200 (South Africa Standard Time)
[debug] [2023-02-28T15:26:51.054Z] ----------------------------------------------------------------------
[debug] 
[debug] [2023-02-28T15:26:51.115Z] > command requires scopes: ["email","openid","https://www.googleapis.com/auth/cloudplatformprojects.readonly","https://www.googleapis.com/auth/firebase","https://www.googleapis.com/auth/cloud-platform"]
[debug] [2023-02-28T15:26:51.115Z] > authorizing via signed-in user (makgobatj1@gmail.com)
[info] 
     ######## #### ########  ######## ########     ###     ######  ########
     ##        ##  ##     ## ##       ##     ##  ##   ##  ##       ##
     ######    ##  ########  ######   ########  #########  ######  ######
     ##        ##  ##    ##  ##       ##     ## ##     ##       ## ##
     ##       #### ##     ## ######## ########  ##     ##  ######  ########

You're about to initialize a Firebase project in this directory:

  C:\Users\MLAB

Before we get started, keep in mind:

  * You are initializing within an existing Firebase project directory

[info] 
=== Project Setup
[info] 
[info] First, let's associate this project directory with a Firebase project.
[info] You can create multiple project aliases by running firebase use --add, 
[info] but for now we'll just set up a default project.
[info] 
[debug] [2023-02-28T15:26:57.110Z] Using project from CLI flag: codetribebootcamp2023-1154a
[debug] [2023-02-28T15:26:57.112Z] >>> [apiv2][query] GET https://firebase.googleapis.com/v1beta1/projects/codetribebootcamp2023-1154a [none]
[debug] [2023-02-28T15:26:58.059Z] <<< [apiv2][status] GET https://firebase.googleapis.com/v1beta1/projects/codetribebootcamp2023-1154a 200
[debug] [2023-02-28T15:26:58.059Z] <<< [apiv2][body] GET https://firebase.googleapis.com/v1beta1/projects/codetribebootcamp2023-1154a {"projectId":"codetribebootcamp2023-1154a","projectNumber":"351289456769","displayName":"CodetribeBootcamp2023","name":"projects/codetribebootcamp2023-1154a","resources":{"hostingSite":"codetribebootcamp2023-1154a"},"state":"ACTIVE","etag":"1_a29ff246-944d-49a6-adcf-c46bf32b1698"}
[info] i  Using project codetribebootcamp2023-1154a (CodetribeBootcamp2023) 
[info] 
=== Hosting Setup
[info] 
[info] Your public directory is the folder (relative to your project directory) that
[info] will contain Hosting assets to be uploaded with firebase deploy. If you
[info] have a build process for your assets, use your build's output directory.
[info] 
